<?xml version="1.0" encoding="UTF-8"?>
<!-- Generated by org.testng.reporters.JUnitReportReporter -->
<testsuite hostname="LAPTOP-88SF4JDS" failures="0" tests="2" name="Examples.Chapter2Test" time="11.174" errors="0" timestamp="2021-01-21T15:06:35 CET" skipped="0">
  <testcase classname="Examples.Chapter2Test" name="loginTest" time="10.432"/>
  <system-out/>
  <testcase classname="Examples.Chapter2Test" name="getListOfCategories" time="0.742"/>
  <system-out/>
</testsuite> <!-- Examples.Chapter2Test -->
