<?xml version="1.0" encoding="UTF-8"?>
<testsuite xmlns:xsi="http://www.w3.org/2001/XMLSchema-instance" xsi:noNamespaceSchemaLocation="https://maven.apache.org/surefire/maven-surefire-plugin/xsd/surefire-test-report-3.0.xsd" version="3.0" name="TestSuite" time="9.234" tests="2" errors="0" skipped="0" failures="0">
  <properties>
    <property name="java.specification.version" value="13"/>
    <property name="sun.cpu.isalist" value="amd64"/>
    <property name="sun.jnu.encoding" value="Cp1252"/>
    <property name="java.class.path" value="C:\Users\marix\IdeaProjects\ResrAssured\target\test-classes;C:\Users\marix\IdeaProjects\ResrAssured\target\classes;C:\Users\marix\.m2\repository\io\qameta\allure\allure-testng\2.13.8\allure-testng-2.13.8.jar;C:\Users\marix\.m2\repository\io\qameta\allure\allure-java-commons\2.13.8\allure-java-commons-2.13.8.jar;C:\Users\marix\.m2\repository\io\qameta\allure\allure-model\2.13.8\allure-model-2.13.8.jar;C:\Users\marix\.m2\repository\org\apache\tika\tika-core\1.24.1\tika-core-1.24.1.jar;C:\Users\marix\.m2\repository\org\jooq\joor-java-8\0.9.13\joor-java-8-0.9.13.jar;C:\Users\marix\.m2\repository\io\rest-assured\rest-assured\3.3.0\rest-assured-3.3.0.jar;C:\Users\marix\.m2\repository\org\codehaus\groovy\groovy\2.4.15\groovy-2.4.15.jar;C:\Users\marix\.m2\repository\org\codehaus\groovy\groovy-xml\2.4.15\groovy-xml-2.4.15.jar;C:\Users\marix\.m2\repository\org\apache\httpcomponents\httpclient\4.5.3\httpclient-4.5.3.jar;C:\Users\marix\.m2\repository\org\apache\httpcomponents\httpcore\4.4.6\httpcore-4.4.6.jar;C:\Users\marix\.m2\repository\commons-logging\commons-logging\1.2\commons-logging-1.2.jar;C:\Users\marix\.m2\repository\commons-codec\commons-codec\1.9\commons-codec-1.9.jar;C:\Users\marix\.m2\repository\org\apache\httpcomponents\httpmime\4.5.3\httpmime-4.5.3.jar;C:\Users\marix\.m2\repository\org\hamcrest\hamcrest-core\1.3\hamcrest-core-1.3.jar;C:\Users\marix\.m2\repository\org\hamcrest\hamcrest-library\1.3\hamcrest-library-1.3.jar;C:\Users\marix\.m2\repository\org\ccil\cowan\tagsoup\tagsoup\1.2.1\tagsoup-1.2.1.jar;C:\Users\marix\.m2\repository\io\rest-assured\json-path\3.3.0\json-path-3.3.0.jar;C:\Users\marix\.m2\repository\org\codehaus\groovy\groovy-json\2.4.15\groovy-json-2.4.15.jar;C:\Users\marix\.m2\repository\io\rest-assured\rest-assured-common\3.3.0\rest-assured-common-3.3.0.jar;C:\Users\marix\.m2\repository\io\rest-assured\xml-path\3.3.0\xml-path-3.3.0.jar;C:\Users\marix\.m2\repository\javax\xml\bind\jaxb-api\2.2.12\jaxb-api-2.2.12.jar;C:\Users\marix\.m2\repository\com\sun\xml\bind\jaxb-osgi\2.2.10\jaxb-osgi-2.2.10.jar;C:\Users\marix\.m2\repository\org\apache\sling\org.apache.sling.javax.activation\0.1.0\org.apache.sling.javax.activation-0.1.0.jar;C:\Users\marix\.m2\repository\javax\activation\activation\1.1.1\activation-1.1.1.jar;C:\Users\marix\.m2\repository\com\googlecode\json-simple\json-simple\1.1.1\json-simple-1.1.1.jar;C:\Users\marix\.m2\repository\junit\junit\4.10\junit-4.10.jar;C:\Users\marix\.m2\repository\org\testng\testng\7.1.0\testng-7.1.0.jar;C:\Users\marix\.m2\repository\com\beust\jcommander\1.72\jcommander-1.72.jar;C:\Users\marix\.m2\repository\com\google\inject\guice\4.1.0\guice-4.1.0-no_aop.jar;C:\Users\marix\.m2\repository\javax\inject\javax.inject\1\javax.inject-1.jar;C:\Users\marix\.m2\repository\aopalliance\aopalliance\1.0\aopalliance-1.0.jar;C:\Users\marix\.m2\repository\org\yaml\snakeyaml\1.21\snakeyaml-1.21.jar;C:\Users\marix\.m2\repository\com\fasterxml\jackson\core\jackson-databind\2.9.8\jackson-databind-2.9.8.jar;C:\Users\marix\.m2\repository\com\fasterxml\jackson\core\jackson-annotations\2.9.0\jackson-annotations-2.9.0.jar;C:\Users\marix\.m2\repository\com\fasterxml\jackson\core\jackson-core\2.9.8\jackson-core-2.9.8.jar;C:\Users\marix\.m2\repository\com\github\tomakehurst\wiremock-jre8\2.21.0\wiremock-jre8-2.21.0.jar;C:\Users\marix\.m2\repository\org\eclipse\jetty\jetty-server\9.4.14.v20181114\jetty-server-9.4.14.v20181114.jar;C:\Users\marix\.m2\repository\javax\servlet\javax.servlet-api\3.1.0\javax.servlet-api-3.1.0.jar;C:\Users\marix\.m2\repository\org\eclipse\jetty\jetty-http\9.4.14.v20181114\jetty-http-9.4.14.v20181114.jar;C:\Users\marix\.m2\repository\org\eclipse\jetty\jetty-io\9.4.14.v20181114\jetty-io-9.4.14.v20181114.jar;C:\Users\marix\.m2\repository\org\eclipse\jetty\jetty-servlet\9.4.14.v20181114\jetty-servlet-9.4.14.v20181114.jar;C:\Users\marix\.m2\repository\org\eclipse\jetty\jetty-security\9.4.14.v20181114\jetty-security-9.4.14.v20181114.jar;C:\Users\marix\.m2\repository\org\eclipse\jetty\jetty-servlets\9.4.14.v20181114\jetty-servlets-9.4.14.v20181114.jar;C:\Users\marix\.m2\repository\org\eclipse\jetty\jetty-continuation\9.4.14.v20181114\jetty-continuation-9.4.14.v20181114.jar;C:\Users\marix\.m2\repository\org\eclipse\jetty\jetty-util\9.4.14.v20181114\jetty-util-9.4.14.v20181114.jar;C:\Users\marix\.m2\repository\org\eclipse\jetty\jetty-webapp\9.4.14.v20181114\jetty-webapp-9.4.14.v20181114.jar;C:\Users\marix\.m2\repository\org\eclipse\jetty\jetty-xml\9.4.14.v20181114\jetty-xml-9.4.14.v20181114.jar;C:\Users\marix\.m2\repository\com\google\guava\guava\27.0.1-jre\guava-27.0.1-jre.jar;C:\Users\marix\.m2\repository\com\google\guava\failureaccess\1.0.1\failureaccess-1.0.1.jar;C:\Users\marix\.m2\repository\com\google\guava\listenablefuture\9999.0-empty-to-avoid-conflict-with-guava\listenablefuture-9999.0-empty-to-avoid-conflict-with-guava.jar;C:\Users\marix\.m2\repository\com\google\code\findbugs\jsr305\3.0.2\jsr305-3.0.2.jar;C:\Users\marix\.m2\repository\org\checkerframework\checker-qual\2.5.2\checker-qual-2.5.2.jar;C:\Users\marix\.m2\repository\com\google\errorprone\error_prone_annotations\2.2.0\error_prone_annotations-2.2.0.jar;C:\Users\marix\.m2\repository\com\google\j2objc\j2objc-annotations\1.1\j2objc-annotations-1.1.jar;C:\Users\marix\.m2\repository\org\codehaus\mojo\animal-sniffer-annotations\1.17\animal-sniffer-annotations-1.17.jar;C:\Users\marix\.m2\repository\org\xmlunit\xmlunit-core\2.5.1\xmlunit-core-2.5.1.jar;C:\Users\marix\.m2\repository\org\xmlunit\xmlunit-legacy\2.5.1\xmlunit-legacy-2.5.1.jar;C:\Users\marix\.m2\repository\com\jayway\jsonpath\json-path\2.4.0\json-path-2.4.0.jar;C:\Users\marix\.m2\repository\net\minidev\json-smart\2.3\json-smart-2.3.jar;C:\Users\marix\.m2\repository\net\minidev\accessors-smart\1.2\accessors-smart-1.2.jar;C:\Users\marix\.m2\repository\org\ow2\asm\asm\7.0\asm-7.0.jar;C:\Users\marix\.m2\repository\org\slf4j\slf4j-api\1.7.12\slf4j-api-1.7.12.jar;C:\Users\marix\.m2\repository\net\sf\jopt-simple\jopt-simple\5.0.3\jopt-simple-5.0.3.jar;C:\Users\marix\.m2\repository\org\apache\commons\commons-lang3\3.7\commons-lang3-3.7.jar;C:\Users\marix\.m2\repository\com\flipkart\zjsonpatch\zjsonpatch\0.4.4\zjsonpatch-0.4.4.jar;C:\Users\marix\.m2\repository\com\github\jknack\handlebars\4.1.2\handlebars-4.1.2.jar;C:\Users\marix\.m2\repository\com\github\jknack\handlebars-helpers\4.1.2\handlebars-helpers-4.1.2.jar;"/>
    <property name="java.vm.vendor" value="Oracle Corporation"/>
    <property name="sun.arch.data.model" value="64"/>
    <property name="user.variant" value=""/>
    <property name="java.vendor.url" value="https://java.oracle.com/"/>
    <property name="user.timezone" value="Europe/Rome"/>
    <property name="user.country.format" value="IT"/>
    <property name="os.name" value="Windows 10"/>
    <property name="java.vm.specification.version" value="13"/>
    <property name="sun.java.launcher" value="SUN_STANDARD"/>
    <property name="user.country" value="GB"/>
    <property name="sun.boot.library.path" value="C:\Program Files\Java\jdk-13.0.1\bin"/>
    <property name="sun.java.command" value="C:\Users\marix\AppData\Local\Temp\surefire2242357328701619835\surefirebooter8518903611358182427.jar C:\Users\marix\AppData\Local\Temp\surefire2242357328701619835 2021-01-18T19-00-47_527-jvmRun1 surefire14394612431601523098tmp surefire_0381762026796021952tmp"/>
    <property name="jdk.debug" value="release"/>
    <property name="surefire.test.class.path" value="C:\Users\marix\IdeaProjects\ResrAssured\target\test-classes;C:\Users\marix\IdeaProjects\ResrAssured\target\classes;C:\Users\marix\.m2\repository\io\qameta\allure\allure-testng\2.13.8\allure-testng-2.13.8.jar;C:\Users\marix\.m2\repository\io\qameta\allure\allure-java-commons\2.13.8\allure-java-commons-2.13.8.jar;C:\Users\marix\.m2\repository\io\qameta\allure\allure-model\2.13.8\allure-model-2.13.8.jar;C:\Users\marix\.m2\repository\org\apache\tika\tika-core\1.24.1\tika-core-1.24.1.jar;C:\Users\marix\.m2\repository\org\jooq\joor-java-8\0.9.13\joor-java-8-0.9.13.jar;C:\Users\marix\.m2\repository\io\rest-assured\rest-assured\3.3.0\rest-assured-3.3.0.jar;C:\Users\marix\.m2\repository\org\codehaus\groovy\groovy\2.4.15\groovy-2.4.15.jar;C:\Users\marix\.m2\repository\org\codehaus\groovy\groovy-xml\2.4.15\groovy-xml-2.4.15.jar;C:\Users\marix\.m2\repository\org\apache\httpcomponents\httpclient\4.5.3\httpclient-4.5.3.jar;C:\Users\marix\.m2\repository\org\apache\httpcomponents\httpcore\4.4.6\httpcore-4.4.6.jar;C:\Users\marix\.m2\repository\commons-logging\commons-logging\1.2\commons-logging-1.2.jar;C:\Users\marix\.m2\repository\commons-codec\commons-codec\1.9\commons-codec-1.9.jar;C:\Users\marix\.m2\repository\org\apache\httpcomponents\httpmime\4.5.3\httpmime-4.5.3.jar;C:\Users\marix\.m2\repository\org\hamcrest\hamcrest-core\1.3\hamcrest-core-1.3.jar;C:\Users\marix\.m2\repository\org\hamcrest\hamcrest-library\1.3\hamcrest-library-1.3.jar;C:\Users\marix\.m2\repository\org\ccil\cowan\tagsoup\tagsoup\1.2.1\tagsoup-1.2.1.jar;C:\Users\marix\.m2\repository\io\rest-assured\json-path\3.3.0\json-path-3.3.0.jar;C:\Users\marix\.m2\repository\org\codehaus\groovy\groovy-json\2.4.15\groovy-json-2.4.15.jar;C:\Users\marix\.m2\repository\io\rest-assured\rest-assured-common\3.3.0\rest-assured-common-3.3.0.jar;C:\Users\marix\.m2\repository\io\rest-assured\xml-path\3.3.0\xml-path-3.3.0.jar;C:\Users\marix\.m2\repository\javax\xml\bind\jaxb-api\2.2.12\jaxb-api-2.2.12.jar;C:\Users\marix\.m2\repository\com\sun\xml\bind\jaxb-osgi\2.2.10\jaxb-osgi-2.2.10.jar;C:\Users\marix\.m2\repository\org\apache\sling\org.apache.sling.javax.activation\0.1.0\org.apache.sling.javax.activation-0.1.0.jar;C:\Users\marix\.m2\repository\javax\activation\activation\1.1.1\activation-1.1.1.jar;C:\Users\marix\.m2\repository\com\googlecode\json-simple\json-simple\1.1.1\json-simple-1.1.1.jar;C:\Users\marix\.m2\repository\junit\junit\4.10\junit-4.10.jar;C:\Users\marix\.m2\repository\org\testng\testng\7.1.0\testng-7.1.0.jar;C:\Users\marix\.m2\repository\com\beust\jcommander\1.72\jcommander-1.72.jar;C:\Users\marix\.m2\repository\com\google\inject\guice\4.1.0\guice-4.1.0-no_aop.jar;C:\Users\marix\.m2\repository\javax\inject\javax.inject\1\javax.inject-1.jar;C:\Users\marix\.m2\repository\aopalliance\aopalliance\1.0\aopalliance-1.0.jar;C:\Users\marix\.m2\repository\org\yaml\snakeyaml\1.21\snakeyaml-1.21.jar;C:\Users\marix\.m2\repository\com\fasterxml\jackson\core\jackson-databind\2.9.8\jackson-databind-2.9.8.jar;C:\Users\marix\.m2\repository\com\fasterxml\jackson\core\jackson-annotations\2.9.0\jackson-annotations-2.9.0.jar;C:\Users\marix\.m2\repository\com\fasterxml\jackson\core\jackson-core\2.9.8\jackson-core-2.9.8.jar;C:\Users\marix\.m2\repository\com\github\tomakehurst\wiremock-jre8\2.21.0\wiremock-jre8-2.21.0.jar;C:\Users\marix\.m2\repository\org\eclipse\jetty\jetty-server\9.4.14.v20181114\jetty-server-9.4.14.v20181114.jar;C:\Users\marix\.m2\repository\javax\servlet\javax.servlet-api\3.1.0\javax.servlet-api-3.1.0.jar;C:\Users\marix\.m2\repository\org\eclipse\jetty\jetty-http\9.4.14.v20181114\jetty-http-9.4.14.v20181114.jar;C:\Users\marix\.m2\repository\org\eclipse\jetty\jetty-io\9.4.14.v20181114\jetty-io-9.4.14.v20181114.jar;C:\Users\marix\.m2\repository\org\eclipse\jetty\jetty-servlet\9.4.14.v20181114\jetty-servlet-9.4.14.v20181114.jar;C:\Users\marix\.m2\repository\org\eclipse\jetty\jetty-security\9.4.14.v20181114\jetty-security-9.4.14.v20181114.jar;C:\Users\marix\.m2\repository\org\eclipse\jetty\jetty-servlets\9.4.14.v20181114\jetty-servlets-9.4.14.v20181114.jar;C:\Users\marix\.m2\repository\org\eclipse\jetty\jetty-continuation\9.4.14.v20181114\jetty-continuation-9.4.14.v20181114.jar;C:\Users\marix\.m2\repository\org\eclipse\jetty\jetty-util\9.4.14.v20181114\jetty-util-9.4.14.v20181114.jar;C:\Users\marix\.m2\repository\org\eclipse\jetty\jetty-webapp\9.4.14.v20181114\jetty-webapp-9.4.14.v20181114.jar;C:\Users\marix\.m2\repository\org\eclipse\jetty\jetty-xml\9.4.14.v20181114\jetty-xml-9.4.14.v20181114.jar;C:\Users\marix\.m2\repository\com\google\guava\guava\27.0.1-jre\guava-27.0.1-jre.jar;C:\Users\marix\.m2\repository\com\google\guava\failureaccess\1.0.1\failureaccess-1.0.1.jar;C:\Users\marix\.m2\repository\com\google\guava\listenablefuture\9999.0-empty-to-avoid-conflict-with-guava\listenablefuture-9999.0-empty-to-avoid-conflict-with-guava.jar;C:\Users\marix\.m2\repository\com\google\code\findbugs\jsr305\3.0.2\jsr305-3.0.2.jar;C:\Users\marix\.m2\repository\org\checkerframework\checker-qual\2.5.2\checker-qual-2.5.2.jar;C:\Users\marix\.m2\repository\com\google\errorprone\error_prone_annotations\2.2.0\error_prone_annotations-2.2.0.jar;C:\Users\marix\.m2\repository\com\google\j2objc\j2objc-annotations\1.1\j2objc-annotations-1.1.jar;C:\Users\marix\.m2\repository\org\codehaus\mojo\animal-sniffer-annotations\1.17\animal-sniffer-annotations-1.17.jar;C:\Users\marix\.m2\repository\org\xmlunit\xmlunit-core\2.5.1\xmlunit-core-2.5.1.jar;C:\Users\marix\.m2\repository\org\xmlunit\xmlunit-legacy\2.5.1\xmlunit-legacy-2.5.1.jar;C:\Users\marix\.m2\repository\com\jayway\jsonpath\json-path\2.4.0\json-path-2.4.0.jar;C:\Users\marix\.m2\repository\net\minidev\json-smart\2.3\json-smart-2.3.jar;C:\Users\marix\.m2\repository\net\minidev\accessors-smart\1.2\accessors-smart-1.2.jar;C:\Users\marix\.m2\repository\org\ow2\asm\asm\7.0\asm-7.0.jar;C:\Users\marix\.m2\repository\org\slf4j\slf4j-api\1.7.12\slf4j-api-1.7.12.jar;C:\Users\marix\.m2\repository\net\sf\jopt-simple\jopt-simple\5.0.3\jopt-simple-5.0.3.jar;C:\Users\marix\.m2\repository\org\apache\commons\commons-lang3\3.7\commons-lang3-3.7.jar;C:\Users\marix\.m2\repository\com\flipkart\zjsonpatch\zjsonpatch\0.4.4\zjsonpatch-0.4.4.jar;C:\Users\marix\.m2\repository\com\github\jknack\handlebars\4.1.2\handlebars-4.1.2.jar;C:\Users\marix\.m2\repository\com\github\jknack\handlebars-helpers\4.1.2\handlebars-helpers-4.1.2.jar;"/>
    <property name="sun.cpu.endian" value="little"/>
    <property name="user.home" value="C:\Users\marix"/>
    <property name="user.language" value="en"/>
    <property name="java.specification.vendor" value="Oracle Corporation"/>
    <property name="java.version.date" value="2019-10-15"/>
    <property name="java.home" value="C:\Program Files\Java\jdk-13.0.1"/>
    <property name="file.separator" value="\"/>
    <property name="basedir" value="C:\Users\marix\IdeaProjects\ResrAssured"/>
    <property name="java.vm.compressedOopsMode" value="Zero based"/>
    <property name="line.separator" value="&#10;"/>
    <property name="java.vm.specification.vendor" value="Oracle Corporation"/>
    <property name="java.specification.name" value="Java Platform API Specification"/>
    <property name="surefire.real.class.path" value="C:\Users\marix\AppData\Local\Temp\surefire2242357328701619835\surefirebooter8518903611358182427.jar"/>
    <property name="user.script" value=""/>
    <property name="sun.management.compiler" value="HotSpot 64-Bit Tiered Compilers"/>
    <property name="java.runtime.version" value="13.0.1+9"/>
    <property name="user.name" value="marix"/>
    <property name="path.separator" value=";"/>
    <property name="os.version" value="10.0"/>
    <property name="java.runtime.name" value="Java(TM) SE Runtime Environment"/>
    <property name="file.encoding" value="Cp1252"/>
    <property name="java.vm.name" value="Java HotSpot(TM) 64-Bit Server VM"/>
    <property name="localRepository" value="C:\Users\marix\.m2\repository"/>
    <property name="java.vendor.url.bug" value="https://bugreport.java.com/bugreport/"/>
    <property name="java.io.tmpdir" value="C:\Users\marix\AppData\Local\Temp\"/>
    <property name="java.version" value="13.0.1"/>
    <property name="user.dir" value="C:\Users\marix\IdeaProjects\ResrAssured"/>
    <property name="os.arch" value="amd64"/>
    <property name="java.vm.specification.name" value="Java Virtual Machine Specification"/>
    <property name="user.language.format" value="it"/>
    <property name="sun.os.patch.level" value=""/>
    <property name="java.library.path" value="C:\Program Files\Java\jdk-13.0.1\bin;C:\Windows\Sun\Java\bin;C:\Windows\system32;C:\Windows;C:\Windows\system32;C:\Windows;C:\Windows\System32\Wbem;C:\Windows\System32\WindowsPowerShell\v1.0\;C:\Windows\System32\OpenSSH\;C:\Program Files\Intel\WiFi\bin\;C:\Program Files\Common Files\Intel\WirelessCommon\;C:\Program Files\Java\jdk-13.0.1\bin\;C:\Program Files\Apache\Maven\apache-maven-3.6.3\bin;C:\Program Files\Git\cmd;C:\Program Files\Microsoft SQL Server\Client SDK\ODBC\130\Tools\Binn\;C:\Program Files (x86)\Microsoft SQL Server\140\Tools\Binn\;C:\Program Files\Microsoft SQL Server\140\Tools\Binn\;C:\Program Files\Microsoft SQL Server\140\DTS\Binn\;C:\Program Files (x86)\Microsoft SQL Server\150\DTS\Binn\;C:\Users\marix\AppData\Local\Microsoft\WindowsApps;;C:\Users\marix\AppData\Local\Programs\Fiddler;C:\Program Files\JetBrains\IntelliJ IDEA Community Edition 2020.1.3\bin;;."/>
    <property name="java.vm.info" value="mixed mode, sharing"/>
    <property name="java.vendor" value="Oracle Corporation"/>
    <property name="java.vm.version" value="13.0.1+9"/>
    <property name="sun.io.unicode.encoding" value="UnicodeLittle"/>
    <property name="java.class.version" value="57.0"/>
  </properties>
  <testcase name="loginTest" classname="Examples.Chapter2Test" time="5.639"/>
  <testcase name="getListOfCategories" classname="Examples.Chapter2Test" time="0.45"/>
</testsuite>